
------------------------
2025.04.24 17:31:13
DEBUG
Array
(
    [0] => Array
        (
            [error] => error_php_lib_curl
            [error_information] => need install curl lib
        )

    [1] => Array
        (
            [error] => error_php_lib_curl
            [error_information] => need install curl lib
        )

    [2] => Array
        (
            [error] => error_php_lib_curl
            [error_information] => need install curl lib
        )

)

------------------------

------------------------
2025.04.24 17:32:17
DEBUG
Array
(
    [0] => Array
        (
            [error] => error_php_lib_curl
            [error_information] => need install curl lib
        )

    [1] => Array
        (
            [error] => error_php_lib_curl
            [error_information] => need install curl lib
        )

    [2] => Array
        (
            [error] => error_php_lib_curl
            [error_information] => need install curl lib
        )

)

------------------------

------------------------
2025.04.24 17:36:53
DEBUG
Array
(
    [0] => 
    [1] => 
    [2] => 
)

------------------------

------------------------
2025.04.24 17:42:38
DEBUG
Array
(
    [0] => 
    [1] => 
    [2] => 
)

------------------------

------------------------
2025.04.24 17:43:58
DEBUG
Array
(
    [0] => 
    [1] => 
    [2] => 
)

------------------------

------------------------
2025.04.24 17:46:36
DEBUG
Array
(
    [0] => 
    [1] => 
    [2] => 
)

------------------------

------------------------
2025.04.24 17:49:23
DEBUG
Array
(
    [0] => 
    [1] => 
    [2] => 
)

------------------------

------------------------
2025.04.24 17:51:39
DEBUG
Array
(
    [0] => 
    [1] => 
    [2] => 
)

------------------------

------------------------
2025.04.24 19:25:23
DEBUG
Array
(
    [0] => Array
        (
            [success] => 
            [error] => unknown
            [message] => 
        )

    [1] => Array
        (
            [success] => 
            [error] => unknown
            [message] => 
        )

    [2] => Array
        (
            [success] => 
            [error] => unknown
            [message] => 
        )

)

------------------------

------------------------
2025.04.24 20:53:00
DEBUG
Array
(
    [0] => Array
        (
            [success] => 
            [error] => unknown
            [message] => 
        )

)

------------------------

------------------------
2025.04.24 20:53:01
DEBUG
Array
(
    [0] => Array
        (
            [success] => 
            [error] => unknown
            [message] => 
        )

    [1] => Array
        (
            [success] => 
            [error] => unknown
            [message] => 
        )

)

------------------------

------------------------
2025.04.24 20:53:01
DEBUG
Array
(
    [0] => Array
        (
            [success] => 
            [error] => unknown
            [message] => 
        )

    [1] => Array
        (
            [success] => 
            [error] => unknown
            [message] => 
        )

    [2] => Array
        (
            [success] => 
            [error] => unknown
            [message] => 
        )

)

------------------------

------------------------
2025.04.24 20:55:41
DEBUG
Array
(
    [0] => Array
        (
            [success] => 
            [error] => unknown
            [message] => 
        )

    [1] => Array
        (
            [success] => 
            [error] => unknown
            [message] => 
        )

    [2] => Array
        (
            [success] => 
            [error] => unknown
            [message] => 
        )

)

------------------------

------------------------
2025.04.24 21:06:42
DEBUG
Array
(
    [0] => Array
        (
            [success] => 
            [error] => unknown
            [message] => 
        )

    [1] => Array
        (
            [success] => 
            [error] => unknown
            [message] => 
        )

    [2] => Array
        (
            [success] => 
            [error] => unknown
            [message] => 
        )

)

------------------------

------------------------
2025.04.24 21:10:44
DEBUG
Array
(
    [0] => Array
        (
            [success] => 
            [error] => unknown
            [message] => 
        )

    [1] => Array
        (
            [success] => 
            [error] => unknown
            [message] => 
        )

    [2] => Array
        (
            [success] => 
            [error] => unknown
            [message] => 
        )

    [3] => Array
        (
            [success] => 
            [error] => unknown
            [message] => 
        )

)

------------------------
